2019-02-01T21:33:23 kieran110s seq2ffv1.py started. 
2019-02-01T21:33:23 kieran110s eventDetail=seq2ffv1.py 354f1bf11fd5c1ab1366e7637ec3af04e8914ed2:2018-12-27T10:12:23+00:00 
2019-02-01T21:33:23 kieran110s Command line arguments: Namespace(i='/home/kieran110s/ifigit/ifiscripts/rawcooked_examples/dpx_48_frames', o='/home/kieran110s/ifigit/ifiscripts/rawcooked_examples/ifi_rawcooked_sample_package', reversibility_dir=None, supplement=None, user=None, zip=False) 
2019-02-01T21:33:23 kieran110s EVENT = agentName=Kieran O'Leary 
2019-02-01T21:33:27 kieran110s EVENT = normalisation, status=started, eventType=Creation, agentName=RAWcooked 18.10.1, eventDetail=Image sequence normalised to FFV1 in a Matroska container 
2019-02-01T21:33:29 kieran110s EVENT = normalisation, status=finshed, eventType=Creation, agentName=RAWcooked 18.10.1, eventDetail=Image sequence normalised to FFV1 in a Matroska container 
2019-02-01T21:33:30 kieran110s EVENT = Metadata extraction - eventDetail=Technical metadata extraction via mediainfo, eventOutcome=/home/kieran110s/ifigit/ifiscripts/rawcooked_examples/ifi_rawcooked_sample_package/7fc037bd-c323-4db1-9b49-07c605ba6064_source_mediainfo.xml, agentName=MediaInfo Command line, 
MediaInfoLib - v18.12 
2019-02-01T21:33:30 kieran110s EVENT = Metadata extraction - eventDetail=Mediatrace technical metadata extraction via mediainfo, eventOutcome=/home/kieran110s/ifigit/ifiscripts/rawcooked_examples/ifi_rawcooked_sample_package/7fc037bd-c323-4db1-9b49-07c605ba6064_source_mediatrace.xml, agentName=MediaInfo Command line, 
MediaInfoLib - v18.12 
2019-02-01T21:33:30 kieran110s EVENT = Metadata extraction - eventDetail=File system metadata extraction using Digital Forensics XML, eventOutcome=/home/kieran110s/ifigit/ifiscripts/rawcooked_examples/ifi_rawcooked_sample_package/7fc037bd-c323-4db1-9b49-07c605ba6064_source_dfxml.xml, agentName=makedfxml 
2019-02-01T21:33:30 kieran110s EVENT = message digest calculation, status=started, eventType=messageDigestCalculation, agentName=hashlib, eventDetail=MD5 checksum of source files 
2019-02-01T21:33:31 kieran110s EVENT = message digest calculation, status=finished, eventType=messageDigestCalculation, agentName=hashlib, eventDetail=MD5 checksum of source files 
2019-02-01T21:33:31 kieran110s EVENT = losslessness verification, status=started, eventType=messageDigestCalculation, agentName=RAWcooked 18.10.1, eventDetail=Full reversibility of ['/home/kieran110s/ifigit/ifiscripts/rawcooked_examples/ifi_rawcooked_sample_package/7fc037bd-c323-4db1-9b49-07c605ba6064.mkv'] back to its original form, followed by checksum verification using /home/kieran110s/ifigit/ifiscripts/rawcooked_examples/ifi_rawcooked_sample_package/dpx_48_frames_manifest-md5.txt  
2019-02-01T21:33:33 kieran110s EVENT = losslessness verification, status=finished, eventType=messageDigestCalculation, agentName=RAWcooked 18.10.1, eventDetail=Full reversibilty of ['/home/kieran110s/ifigit/ifiscripts/rawcooked_examples/ifi_rawcooked_sample_package/7fc037bd-c323-4db1-9b49-07c605ba6064.mkv'] back to its original form, followed by checksum verification using /home/kieran110s/ifigit/ifiscripts/rawcooked_examples/ifi_rawcooked_sample_package/dpx_48_frames_manifest-md5.txt , eventOutcome=lossless 
2019-02-01T21:33:34 kieran110s seq2ffv1.py finished. 
2019-02-01T21:33:33 kieran110s EVENT = sipcreator.py started 
2019-02-01T21:33:33 kieran110s eventDetail=sipcreator.py 12612d4773b9c42e98efd821bae0ef92f3265adc:2018-12-26T00:21:52+00:00 
2019-02-01T21:33:33 kieran110s Command line arguments: Namespace(d=False, i=['/home/kieran110s/ifigit/ifiscripts/rawcooked_examples/ifi_rawcooked_sample_package/7fc037bd-c323-4db1-9b49-07c605ba6064.mkv'], manifest=None, move=True, o='/home/kieran110s/ifigit/ifiscripts/rawcooked_examples/ifi_rawcooked_sample_package', oe='oe12345', quiet=True, rename_uuid=False, sc=False, supplement=['/home/kieran110s/ifigit/ifiscripts/rawcooked_examples/ifi_rawcooked_sample_package/7fc037bd-c323-4db1-9b49-07c605ba6064_source_mediainfo.xml', '/home/kieran110s/ifigit/ifiscripts/rawcooked_examples/ifi_rawcooked_sample_package/7fc037bd-c323-4db1-9b49-07c605ba6064_source_mediatrace.xml', '/home/kieran110s/ifigit/ifiscripts/rawcooked_examples/ifi_rawcooked_sample_package/7fc037bd-c323-4db1-9b49-07c605ba6064_source_dfxml.xml', '/home/kieran110s/ifigit/ifiscripts/rawcooked_examples/ifi_rawcooked_sample_package/dpx_48_frames_manifest-md5.txt'], u='7fc037bd-c323-4db1-9b49-07c605ba6064', user="Kieran O'Leary", zip=False) 
2019-02-01T21:33:33 kieran110s EVENT = agentName=Kieran O'Leary 
2019-02-01T21:33:33 kieran110s EVENT = eventType=Identifier assignement, eventIdentifierType=UUID, value=7fc037bd-c323-4db1-9b49-07c605ba6064, module=uuid.uuid4 
2019-02-01T21:33:33 kieran110s EVENT = eventType=Identifier assignement, eventIdentifierType=object entry, value=oe12345 
2019-02-01T21:33:33 kieran110s EVENT = Metadata extraction - eventDetail=Technical metadata extraction via mediainfo, eventOutcome=/home/kieran110s/ifigit/ifiscripts/rawcooked_examples/ifi_rawcooked_sample_package/oe12345/7fc037bd-c323-4db1-9b49-07c605ba6064/metadata/7fc037bd-c323-4db1-9b49-07c605ba6064.mkv_mediainfo.xml, agentName=MediaInfo Command line, 
MediaInfoLib - v18.12 
2019-02-01T21:33:33 kieran110s EVENT = Metadata extraction - eventDetail=Mediatrace technical metadata extraction via mediainfo, eventOutcome=/home/kieran110s/ifigit/ifiscripts/rawcooked_examples/ifi_rawcooked_sample_package/oe12345/7fc037bd-c323-4db1-9b49-07c605ba6064/metadata/7fc037bd-c323-4db1-9b49-07c605ba6064.mkv_mediatrace.xml, agentName=MediaInfo Command line, 
MediaInfoLib - v18.12 
2019-02-01T21:33:33 kieran110s EVENT = Manifest consolidation - Checksums from /home/kieran110s/ifigit/ifiscripts/rawcooked_examples/ifi_rawcooked_sample_package/oe12345/7fc037bd-c323-4db1-9b49-07c605ba6064/objects/7fc037bd-c323-4db1-9b49-07c605ba6064.mkv_manifest.md5 merged into /home/kieran110s/ifigit/ifiscripts/rawcooked_examples/ifi_rawcooked_sample_package/oe12345/7fc037bd-c323-4db1-9b49-07c605ba6064_manifest.md5 
2019-02-01T21:33:33 kieran110s EVENT = Manifest movement - Manifest from /home/kieran110s/ifigit/ifiscripts/rawcooked_examples/ifi_rawcooked_sample_package/oe12345/7fc037bd-c323-4db1-9b49-07c605ba6064/objects/7fc037bd-c323-4db1-9b49-07c605ba6064.mkv_manifest.md5 to /home/kieran110s/ifigit/ifiscripts/rawcooked_examples/ifi_rawcooked_sample_package/oe12345/7fc037bd-c323-4db1-9b49-07c605ba6064/logs 
2019-02-01T21:33:33 kieran110s EVENT = Manifest consolidation - Checksums from /home/kieran110s/ifigit/ifiscripts/rawcooked_examples/ifi_rawcooked_sample_package/oe12345/7fc037bd-c323-4db1-9b49-07c605ba6064/metadata/metadata_manifest.md5 merged into /home/kieran110s/ifigit/ifiscripts/rawcooked_examples/ifi_rawcooked_sample_package/oe12345/7fc037bd-c323-4db1-9b49-07c605ba6064_manifest.md5 
2019-02-01T21:33:33 kieran110s EVENT = Manifest movement - Manifest from /home/kieran110s/ifigit/ifiscripts/rawcooked_examples/ifi_rawcooked_sample_package/oe12345/7fc037bd-c323-4db1-9b49-07c605ba6064/metadata/metadata_manifest.md5 to /home/kieran110s/ifigit/ifiscripts/rawcooked_examples/ifi_rawcooked_sample_package/oe12345/7fc037bd-c323-4db1-9b49-07c605ba6064/logs 
2019-02-01T21:33:33 kieran110s EVENT = package_update.py started 
2019-02-01T21:33:33 kieran110s eventDetail=package_update.py 354f1bf11fd5c1ab1366e7637ec3af04e8914ed2:2018-12-27T10:12:23+00:00 
2019-02-01T21:33:33 kieran110s Command line arguments: Namespace(copy=True, i=[['/home/kieran110s/ifigit/ifiscripts/rawcooked_examples/ifi_rawcooked_sample_package/7fc037bd-c323-4db1-9b49-07c605ba6064_source_mediainfo.xml', '/home/kieran110s/ifigit/ifiscripts/rawcooked_examples/ifi_rawcooked_sample_package/7fc037bd-c323-4db1-9b49-07c605ba6064_source_mediatrace.xml', '/home/kieran110s/ifigit/ifiscripts/rawcooked_examples/ifi_rawcooked_sample_package/7fc037bd-c323-4db1-9b49-07c605ba6064_source_dfxml.xml', '/home/kieran110s/ifigit/ifiscripts/rawcooked_examples/ifi_rawcooked_sample_package/dpx_48_frames_manifest-md5.txt']], input='/home/kieran110s/ifigit/ifiscripts/rawcooked_examples/ifi_rawcooked_sample_package/oe12345', new_folder='/home/kieran110s/ifigit/ifiscripts/rawcooked_examples/ifi_rawcooked_sample_package/oe12345/7fc037bd-c323-4db1-9b49-07c605ba6064/metadata/supplemental', user="Kieran O'Leary") 
2019-02-01T21:33:33 kieran110s EVENT = agentName=Kieran O'Leary 
2019-02-01T21:33:34 kieran110s EVENT = eventType=file movement, eventOutcomeDetailNote=/home/kieran110s/ifigit/ifiscripts/rawcooked_examples/ifi_rawcooked_sample_package/7fc037bd-c323-4db1-9b49-07c605ba6064_source_mediainfo.xml has been moved into /home/kieran110s/ifigit/ifiscripts/rawcooked_examples/ifi_rawcooked_sample_package/oe12345/7fc037bd-c323-4db1-9b49-07c605ba6064/metadata/supplemental agentName=copyit.py 
2019-02-01T21:33:34 kieran110s EVENT = Manifest consolidation - Checksums from /home/kieran110s/ifigit/ifiscripts/rawcooked_examples/ifi_rawcooked_sample_package/oe12345/7fc037bd-c323-4db1-9b49-07c605ba6064/metadata/supplemental/7fc037bd-c323-4db1-9b49-07c605ba6064_source_mediainfo.xml_manifest.md5 merged into /home/kieran110s/ifigit/ifiscripts/rawcooked_examples/ifi_rawcooked_sample_package/oe12345/7fc037bd-c323-4db1-9b49-07c605ba6064_manifest.md5 
2019-02-01T21:33:34 kieran110s EVENT = Manifest movement - Manifest from /home/kieran110s/ifigit/ifiscripts/rawcooked_examples/ifi_rawcooked_sample_package/oe12345/7fc037bd-c323-4db1-9b49-07c605ba6064/metadata/supplemental/7fc037bd-c323-4db1-9b49-07c605ba6064_source_mediainfo.xml_manifest.md5 to /home/kieran110s/ifigit/ifiscripts/rawcooked_examples/ifi_rawcooked_sample_package/oe12345/7fc037bd-c323-4db1-9b49-07c605ba6064/logs 
2019-02-01T21:33:34 kieran110s EVENT = eventType=file movement, eventOutcomeDetailNote=/home/kieran110s/ifigit/ifiscripts/rawcooked_examples/ifi_rawcooked_sample_package/7fc037bd-c323-4db1-9b49-07c605ba6064_source_mediatrace.xml has been moved into /home/kieran110s/ifigit/ifiscripts/rawcooked_examples/ifi_rawcooked_sample_package/oe12345/7fc037bd-c323-4db1-9b49-07c605ba6064/metadata/supplemental agentName=copyit.py 
2019-02-01T21:33:34 kieran110s EVENT = Manifest consolidation - Checksums from /home/kieran110s/ifigit/ifiscripts/rawcooked_examples/ifi_rawcooked_sample_package/oe12345/7fc037bd-c323-4db1-9b49-07c605ba6064/metadata/supplemental/7fc037bd-c323-4db1-9b49-07c605ba6064_source_mediatrace.xml_manifest.md5 merged into /home/kieran110s/ifigit/ifiscripts/rawcooked_examples/ifi_rawcooked_sample_package/oe12345/7fc037bd-c323-4db1-9b49-07c605ba6064_manifest.md5 
2019-02-01T21:33:34 kieran110s EVENT = Manifest movement - Manifest from /home/kieran110s/ifigit/ifiscripts/rawcooked_examples/ifi_rawcooked_sample_package/oe12345/7fc037bd-c323-4db1-9b49-07c605ba6064/metadata/supplemental/7fc037bd-c323-4db1-9b49-07c605ba6064_source_mediatrace.xml_manifest.md5 to /home/kieran110s/ifigit/ifiscripts/rawcooked_examples/ifi_rawcooked_sample_package/oe12345/7fc037bd-c323-4db1-9b49-07c605ba6064/logs 
2019-02-01T21:33:34 kieran110s EVENT = eventType=file movement, eventOutcomeDetailNote=/home/kieran110s/ifigit/ifiscripts/rawcooked_examples/ifi_rawcooked_sample_package/7fc037bd-c323-4db1-9b49-07c605ba6064_source_dfxml.xml has been moved into /home/kieran110s/ifigit/ifiscripts/rawcooked_examples/ifi_rawcooked_sample_package/oe12345/7fc037bd-c323-4db1-9b49-07c605ba6064/metadata/supplemental agentName=copyit.py 
2019-02-01T21:33:34 kieran110s EVENT = Manifest consolidation - Checksums from /home/kieran110s/ifigit/ifiscripts/rawcooked_examples/ifi_rawcooked_sample_package/oe12345/7fc037bd-c323-4db1-9b49-07c605ba6064/metadata/supplemental/7fc037bd-c323-4db1-9b49-07c605ba6064_source_dfxml.xml_manifest.md5 merged into /home/kieran110s/ifigit/ifiscripts/rawcooked_examples/ifi_rawcooked_sample_package/oe12345/7fc037bd-c323-4db1-9b49-07c605ba6064_manifest.md5 
2019-02-01T21:33:34 kieran110s EVENT = Manifest movement - Manifest from /home/kieran110s/ifigit/ifiscripts/rawcooked_examples/ifi_rawcooked_sample_package/oe12345/7fc037bd-c323-4db1-9b49-07c605ba6064/metadata/supplemental/7fc037bd-c323-4db1-9b49-07c605ba6064_source_dfxml.xml_manifest.md5 to /home/kieran110s/ifigit/ifiscripts/rawcooked_examples/ifi_rawcooked_sample_package/oe12345/7fc037bd-c323-4db1-9b49-07c605ba6064/logs 
2019-02-01T21:33:34 kieran110s EVENT = eventType=file movement, eventOutcomeDetailNote=/home/kieran110s/ifigit/ifiscripts/rawcooked_examples/ifi_rawcooked_sample_package/dpx_48_frames_manifest-md5.txt has been moved into /home/kieran110s/ifigit/ifiscripts/rawcooked_examples/ifi_rawcooked_sample_package/oe12345/7fc037bd-c323-4db1-9b49-07c605ba6064/metadata/supplemental agentName=copyit.py 
2019-02-01T21:33:34 kieran110s EVENT = Manifest consolidation - Checksums from /home/kieran110s/ifigit/ifiscripts/rawcooked_examples/ifi_rawcooked_sample_package/oe12345/7fc037bd-c323-4db1-9b49-07c605ba6064/metadata/supplemental/dpx_48_frames_manifest-md5.txt_manifest.md5 merged into /home/kieran110s/ifigit/ifiscripts/rawcooked_examples/ifi_rawcooked_sample_package/oe12345/7fc037bd-c323-4db1-9b49-07c605ba6064_manifest.md5 
2019-02-01T21:33:34 kieran110s EVENT = Manifest movement - Manifest from /home/kieran110s/ifigit/ifiscripts/rawcooked_examples/ifi_rawcooked_sample_package/oe12345/7fc037bd-c323-4db1-9b49-07c605ba6064/metadata/supplemental/dpx_48_frames_manifest-md5.txt_manifest.md5 to /home/kieran110s/ifigit/ifiscripts/rawcooked_examples/ifi_rawcooked_sample_package/oe12345/7fc037bd-c323-4db1-9b49-07c605ba6064/logs 
2019-02-01T21:33:34 kieran110s EVENT = package_update.py finished 
2019-02-01T21:33:34 kieran110s EVENT = deletefiles.py started 
2019-02-01T21:33:34 kieran110s eventDetail=deletefiles.py 354f1bf11fd5c1ab1366e7637ec3af04e8914ed2:2018-12-27T10:12:23+00:00 
2019-02-01T21:33:34 kieran110s Command line arguments: Namespace(i=['/home/kieran110s/ifigit/ifiscripts/rawcooked_examples/ifi_rawcooked_sample_package/oe12345/7fc037bd-c323-4db1-9b49-07c605ba6064/logs/7fc037bd-c323-4db1-9b49-07c605ba6064_source_dfxml.xml_manifest.md5'], user="Kieran O'Leary", uuid_path='/home/kieran110s/ifigit/ifiscripts/rawcooked_examples/ifi_rawcooked_sample_package/oe12345/7fc037bd-c323-4db1-9b49-07c605ba6064') 
2019-02-01T21:33:34 kieran110s EVENT = agentName=Kieran O'Leary 
2019-02-01T21:33:34 kieran110s EVENT = eventType=deletion, eventOutcomeDetailNote=/home/kieran110s/ifigit/ifiscripts/rawcooked_examples/ifi_rawcooked_sample_package/oe12345/7fc037bd-c323-4db1-9b49-07c605ba6064/logs/7fc037bd-c323-4db1-9b49-07c605ba6064_source_dfxml.xml_manifest.md5 has been deleted, agentName=os.remove() 
2019-02-01T21:33:34 kieran110s EVENT = eventType=metadata modification, agentName=deletefiles.py, eventDetail=1b5603d8844076cc66a7295f8a585ebf  7fc037bd-c323-4db1-9b49-07c605ba6064/logs/7fc037bd-c323-4db1-9b49-07c605ba6064_source_dfxml.xml_manifest.md5
 has been removed from the package manifest 
2019-02-01T21:33:34 kieran110s EVENT = deletefiles.py finished 
2019-02-01T21:33:34 kieran110s EVENT = deletefiles.py started 
2019-02-01T21:33:34 kieran110s eventDetail=deletefiles.py 354f1bf11fd5c1ab1366e7637ec3af04e8914ed2:2018-12-27T10:12:23+00:00 
2019-02-01T21:33:34 kieran110s Command line arguments: Namespace(i=['/home/kieran110s/ifigit/ifiscripts/rawcooked_examples/ifi_rawcooked_sample_package/oe12345/7fc037bd-c323-4db1-9b49-07c605ba6064/logs/7fc037bd-c323-4db1-9b49-07c605ba6064_source_mediatrace.xml_manifest.md5'], user="Kieran O'Leary", uuid_path='/home/kieran110s/ifigit/ifiscripts/rawcooked_examples/ifi_rawcooked_sample_package/oe12345/7fc037bd-c323-4db1-9b49-07c605ba6064') 
2019-02-01T21:33:34 kieran110s EVENT = agentName=Kieran O'Leary 
2019-02-01T21:33:34 kieran110s EVENT = eventType=deletion, eventOutcomeDetailNote=/home/kieran110s/ifigit/ifiscripts/rawcooked_examples/ifi_rawcooked_sample_package/oe12345/7fc037bd-c323-4db1-9b49-07c605ba6064/logs/7fc037bd-c323-4db1-9b49-07c605ba6064_source_mediatrace.xml_manifest.md5 has been deleted, agentName=os.remove() 
2019-02-01T21:33:34 kieran110s EVENT = eventType=metadata modification, agentName=deletefiles.py, eventDetail=464d0a674516a122e33957e865065376  7fc037bd-c323-4db1-9b49-07c605ba6064/logs/7fc037bd-c323-4db1-9b49-07c605ba6064_source_mediatrace.xml_manifest.md5
 has been removed from the package manifest 
2019-02-01T21:33:34 kieran110s EVENT = deletefiles.py finished 
2019-02-01T21:33:34 kieran110s EVENT = deletefiles.py started 
2019-02-01T21:33:34 kieran110s eventDetail=deletefiles.py 354f1bf11fd5c1ab1366e7637ec3af04e8914ed2:2018-12-27T10:12:23+00:00 
2019-02-01T21:33:34 kieran110s Command line arguments: Namespace(i=['/home/kieran110s/ifigit/ifiscripts/rawcooked_examples/ifi_rawcooked_sample_package/oe12345/7fc037bd-c323-4db1-9b49-07c605ba6064/logs/dpx_48_frames_manifest-md5.txt_manifest.md5'], user="Kieran O'Leary", uuid_path='/home/kieran110s/ifigit/ifiscripts/rawcooked_examples/ifi_rawcooked_sample_package/oe12345/7fc037bd-c323-4db1-9b49-07c605ba6064') 
2019-02-01T21:33:34 kieran110s EVENT = agentName=Kieran O'Leary 
2019-02-01T21:33:34 kieran110s EVENT = eventType=deletion, eventOutcomeDetailNote=/home/kieran110s/ifigit/ifiscripts/rawcooked_examples/ifi_rawcooked_sample_package/oe12345/7fc037bd-c323-4db1-9b49-07c605ba6064/logs/dpx_48_frames_manifest-md5.txt_manifest.md5 has been deleted, agentName=os.remove() 
2019-02-01T21:33:34 kieran110s EVENT = eventType=metadata modification, agentName=deletefiles.py, eventDetail=4e80d0e4d3c42560fc10321ddc6436ef  7fc037bd-c323-4db1-9b49-07c605ba6064/logs/dpx_48_frames_manifest-md5.txt_manifest.md5
 has been removed from the package manifest 
2019-02-01T21:33:34 kieran110s EVENT = deletefiles.py finished 
2019-02-01T21:33:34 kieran110s EVENT = deletefiles.py started 
2019-02-01T21:33:34 kieran110s eventDetail=deletefiles.py 354f1bf11fd5c1ab1366e7637ec3af04e8914ed2:2018-12-27T10:12:23+00:00 
2019-02-01T21:33:34 kieran110s Command line arguments: Namespace(i=['/home/kieran110s/ifigit/ifiscripts/rawcooked_examples/ifi_rawcooked_sample_package/oe12345/7fc037bd-c323-4db1-9b49-07c605ba6064/logs/7fc037bd-c323-4db1-9b49-07c605ba6064.mkv_manifest.md5'], user="Kieran O'Leary", uuid_path='/home/kieran110s/ifigit/ifiscripts/rawcooked_examples/ifi_rawcooked_sample_package/oe12345/7fc037bd-c323-4db1-9b49-07c605ba6064') 
2019-02-01T21:33:34 kieran110s EVENT = agentName=Kieran O'Leary 
2019-02-01T21:33:34 kieran110s EVENT = eventType=deletion, eventOutcomeDetailNote=/home/kieran110s/ifigit/ifiscripts/rawcooked_examples/ifi_rawcooked_sample_package/oe12345/7fc037bd-c323-4db1-9b49-07c605ba6064/logs/7fc037bd-c323-4db1-9b49-07c605ba6064.mkv_manifest.md5 has been deleted, agentName=os.remove() 
2019-02-01T21:33:34 kieran110s EVENT = eventType=metadata modification, agentName=deletefiles.py, eventDetail=d0e2be359a5d6bda2c3c18948028238d  7fc037bd-c323-4db1-9b49-07c605ba6064/logs/7fc037bd-c323-4db1-9b49-07c605ba6064.mkv_manifest.md5
 has been removed from the package manifest 
2019-02-01T21:33:34 kieran110s EVENT = deletefiles.py finished 
2019-02-01T21:33:34 kieran110s EVENT = deletefiles.py started 
2019-02-01T21:33:34 kieran110s eventDetail=deletefiles.py 354f1bf11fd5c1ab1366e7637ec3af04e8914ed2:2018-12-27T10:12:23+00:00 
2019-02-01T21:33:34 kieran110s Command line arguments: Namespace(i=['/home/kieran110s/ifigit/ifiscripts/rawcooked_examples/ifi_rawcooked_sample_package/oe12345/7fc037bd-c323-4db1-9b49-07c605ba6064/logs/7fc037bd-c323-4db1-9b49-07c605ba6064_source_mediainfo.xml_manifest.md5'], user="Kieran O'Leary", uuid_path='/home/kieran110s/ifigit/ifiscripts/rawcooked_examples/ifi_rawcooked_sample_package/oe12345/7fc037bd-c323-4db1-9b49-07c605ba6064') 
2019-02-01T21:33:34 kieran110s EVENT = agentName=Kieran O'Leary 
2019-02-01T21:33:34 kieran110s EVENT = eventType=deletion, eventOutcomeDetailNote=/home/kieran110s/ifigit/ifiscripts/rawcooked_examples/ifi_rawcooked_sample_package/oe12345/7fc037bd-c323-4db1-9b49-07c605ba6064/logs/7fc037bd-c323-4db1-9b49-07c605ba6064_source_mediainfo.xml_manifest.md5 has been deleted, agentName=os.remove() 
2019-02-01T21:33:34 kieran110s EVENT = eventType=metadata modification, agentName=deletefiles.py, eventDetail=96a9fe4118d3febbe4fb8386c7d71e67  7fc037bd-c323-4db1-9b49-07c605ba6064/logs/7fc037bd-c323-4db1-9b49-07c605ba6064_source_mediainfo.xml_manifest.md5
 has been removed from the package manifest 
2019-02-01T21:33:34 kieran110s EVENT = deletefiles.py finished 
2019-02-01T21:33:34 kieran110s EVENT = deletefiles.py started 
2019-02-01T21:33:34 kieran110s eventDetail=deletefiles.py 354f1bf11fd5c1ab1366e7637ec3af04e8914ed2:2018-12-27T10:12:23+00:00 
2019-02-01T21:33:34 kieran110s Command line arguments: Namespace(i=['/home/kieran110s/ifigit/ifiscripts/rawcooked_examples/ifi_rawcooked_sample_package/oe12345/7fc037bd-c323-4db1-9b49-07c605ba6064/logs/metadata_manifest.md5'], user="Kieran O'Leary", uuid_path='/home/kieran110s/ifigit/ifiscripts/rawcooked_examples/ifi_rawcooked_sample_package/oe12345/7fc037bd-c323-4db1-9b49-07c605ba6064') 
2019-02-01T21:33:34 kieran110s EVENT = agentName=Kieran O'Leary 
2019-02-01T21:33:34 kieran110s EVENT = eventType=deletion, eventOutcomeDetailNote=/home/kieran110s/ifigit/ifiscripts/rawcooked_examples/ifi_rawcooked_sample_package/oe12345/7fc037bd-c323-4db1-9b49-07c605ba6064/logs/metadata_manifest.md5 has been deleted, agentName=os.remove() 
2019-02-01T21:33:34 kieran110s EVENT = eventType=metadata modification, agentName=deletefiles.py, eventDetail=175ef7227a4aead97d24d17e47bfdd83  7fc037bd-c323-4db1-9b49-07c605ba6064/logs/metadata_manifest.md5
 has been removed from the package manifest 
2019-02-01T21:33:34 kieran110s EVENT = deletefiles.py finished 
