2018-12-15T09:45:28 kieranjol seq2ffv1.py started. 
2018-12-15T09:45:28 kieranjol eventDetail=seq2ffv1.py Script version unavailable as the ifiscripts repository is not installed in $HOME/ifigit/ifiscripts 
2018-12-15T09:45:28 kieranjol Command line arguments: Namespace(audio=None, i='/home/kieranjol/tests/dpx_48_frames', o='/home/kieranjol/tests/output', rawcooked=True, short_test=True, sip=True, user=None) 
2018-12-15T09:45:28 kieranjol EVENT = agentName=Kieran O'Leary 
2018-12-15T09:45:32 kieranjol EVENT = losslessness verification, status=started, eventType=messageDigestCalculation, agentName=ffmpeg, eventDetail=Frame level checksums of source 
2018-12-15T09:45:32 kieranjol EVENT = losslessness verification, status=finished, eventType=messageDigestCalculation, agentName=ffmpeg, eventDetail=Frame level checksums of source 
2018-12-15T09:45:32 kieranjol EVENT = normalisation, status=started, eventType=Creation, agentName=RAWcooked 18.10.1, eventDetail=Image sequence normalised to FFV1 in a Matroska container 
2018-12-15T09:45:32 kieranjol EVENT = normalisation, status=finshed, eventType=Creation, agentName=RAWcooked 18.10.1, eventDetail=Image sequence normalised to FFV1 in a Matroska container 
2018-12-15T09:45:32 kieranjol EVENT = losslessness verification, status=started, eventType=messageDigestCalculation, agentName=ffmpeg, eventDetail=Frame level checksums of image 
2018-12-15T09:45:33 kieranjol EVENT = losslessness verification, status=finished, eventType=messageDigestCalculation, agentName=ffmpeg, eventDetail=Frame level checksums of image, eventOutcome=lossless 
2018-12-15T09:45:33 kieranjol EVENT = Metadata extraction - eventDetail=Technical metadata extraction via mediainfo, eventOutcome=/home/kieranjol/tests/output/87e25ab6-b666-4e2e-a993-60442d4c5556_source_mediainfo.xml, agentName=MediaInfo Command line, 
MediaInfoLib - v18.12 
2018-12-15T09:45:33 kieranjol EVENT = Metadata extraction - eventDetail=Mediatrace technical metadata extraction via mediainfo, eventOutcome=/home/kieranjol/tests/output/87e25ab6-b666-4e2e-a993-60442d4c5556_source_mediatrace.xml, agentName=MediaInfo Command line, 
MediaInfoLib - v18.12 
2018-12-15T09:45:33 kieranjol EVENT = Metadata extraction - eventDetail=File system metadata extraction using Digital Forensics XML, eventOutcome=/home/kieranjol/tests/output/87e25ab6-b666-4e2e-a993-60442d4c5556_dfxml.xml, agentName=makedfxml 
2018-12-15T09:45:34 kieranjol seq2ffv1.py finished. 
2018-12-15T09:45:33 kieranjol EVENT = sipcreator.py started 
2018-12-15T09:45:33 kieranjol eventDetail=sipcreator.py Script version unavailable as the ifiscripts repository is not installed in $HOME/ifigit/ifiscripts 
2018-12-15T09:45:33 kieranjol Command line arguments: Namespace(d=False, i=['/home/kieranjol/tests/output/87e25ab6-b666-4e2e-a993-60442d4c5556.mkv'], m=None, move=True, o='/home/kieranjol/tests/output', oe='oe12345', quiet=True, sc=False, supplement=['/home/kieranjol/tests/output/87e25ab6-b666-4e2e-a993-60442d4c5556_source_mediainfo.xml', '/home/kieranjol/tests/output/87e25ab6-b666-4e2e-a993-60442d4c5556_source_mediatrace.xml', '/home/kieranjol/tests/output/87e25ab6-b666-4e2e-a993-60442d4c5556_dfxml.xml'], u='87e25ab6-b666-4e2e-a993-60442d4c5556', user="Kieran O'Leary") 
2018-12-15T09:45:33 kieranjol EVENT = agentName=Kieran O'Leary 
2018-12-15T09:45:33 kieranjol EVENT = eventType=Identifier assignement, eventIdentifierType=UUID, value=87e25ab6-b666-4e2e-a993-60442d4c5556, module=uuid.uuid4 
2018-12-15T09:45:33 kieranjol EVENT = eventType=Identifier assignement, eventIdentifierType=object entry, value=oe12345 
2018-12-15T09:45:33 kieranjol copyit.py started. 
2018-12-15T09:45:33 kieranjol eventDetail=copyit.py Script version unavailable as the ifiscripts repository is not installed in $HOME/ifigit/ifiscripts 
2018-12-15T09:45:33 kieranjol Source: /home/kieranjol/tests/output/87e25ab6-b666-4e2e-a993-60442d4c5556.mkv 
2018-12-15T09:45:33 kieranjol Destination: /home/kieranjol/tests/output/oe12345/87e25ab6-b666-4e2e-a993-60442d4c5556/objects 
2018-12-15T09:45:33 kieranjol EVENT = Generating source manifest: status=started, eventType=message digest calculation, module=hashlib 
2018-12-15T09:45:33 kieranjol EVENT = Generating source manifest: status=completed 
2018-12-15T09:45:33 kieranjol EVENT = Generating destination manifest: status=started, eventType=message digest calculation, module=hashlib 
2018-12-15T09:45:33 kieranjol EVENT = Generating destination manifest: status=completed 
2018-12-15T09:45:33 kieranjol EVENT = File Transfer Judgement - Success, eventOutcome=pass 
2018-12-15T09:45:34 kieranjol EVENT = Metadata extraction - eventDetail=Technical metadata extraction via mediainfo, eventOutcome=/home/kieranjol/tests/output/oe12345/87e25ab6-b666-4e2e-a993-60442d4c5556/metadata/87e25ab6-b666-4e2e-a993-60442d4c5556.mkv_mediainfo.xml, agentName=MediaInfo Command line, 
MediaInfoLib - v18.12 
2018-12-15T09:45:34 kieranjol EVENT = Metadata extraction - eventDetail=Mediatrace technical metadata extraction via mediainfo, eventOutcome=/home/kieranjol/tests/output/oe12345/87e25ab6-b666-4e2e-a993-60442d4c5556/metadata/87e25ab6-b666-4e2e-a993-60442d4c5556.mkv_mediatrace.xml, agentName=MediaInfo Command line, 
MediaInfoLib - v18.12 
2018-12-15T09:45:34 kieranjol EVENT = Manifest consolidation - Checksums from /home/kieranjol/tests/output/oe12345/87e25ab6-b666-4e2e-a993-60442d4c5556/objects/87e25ab6-b666-4e2e-a993-60442d4c5556.mkv_manifest.md5 merged into /home/kieranjol/tests/output/oe12345/87e25ab6-b666-4e2e-a993-60442d4c5556_manifest.md5 
2018-12-15T09:45:34 kieranjol EVENT = Manifest movement - Manifest from /home/kieranjol/tests/output/oe12345/87e25ab6-b666-4e2e-a993-60442d4c5556/objects/87e25ab6-b666-4e2e-a993-60442d4c5556.mkv_manifest.md5 to /home/kieranjol/tests/output/oe12345/87e25ab6-b666-4e2e-a993-60442d4c5556/logs 
2018-12-15T09:45:34 kieranjol EVENT = Manifest consolidation - Checksums from /home/kieranjol/tests/output/oe12345/87e25ab6-b666-4e2e-a993-60442d4c5556/metadata/metadata_manifest.md5 merged into /home/kieranjol/tests/output/oe12345/87e25ab6-b666-4e2e-a993-60442d4c5556_manifest.md5 
2018-12-15T09:45:34 kieranjol EVENT = Manifest movement - Manifest from /home/kieranjol/tests/output/oe12345/87e25ab6-b666-4e2e-a993-60442d4c5556/metadata/metadata_manifest.md5 to /home/kieranjol/tests/output/oe12345/87e25ab6-b666-4e2e-a993-60442d4c5556/logs 
2018-12-15T09:45:34 kieranjol EVENT = package_update.py started 
2018-12-15T09:45:34 kieranjol eventDetail=package_update.py Script version unavailable as the ifiscripts repository is not installed in $HOME/ifigit/ifiscripts 
2018-12-15T09:45:34 kieranjol Command line arguments: Namespace(copy=True, i=[['/home/kieranjol/tests/output/87e25ab6-b666-4e2e-a993-60442d4c5556_source_mediainfo.xml', '/home/kieranjol/tests/output/87e25ab6-b666-4e2e-a993-60442d4c5556_source_mediatrace.xml', '/home/kieranjol/tests/output/87e25ab6-b666-4e2e-a993-60442d4c5556_dfxml.xml']], input='/home/kieranjol/tests/output/oe12345', new_folder='/home/kieranjol/tests/output/oe12345/87e25ab6-b666-4e2e-a993-60442d4c5556/metadata/supplemental', user="Kieran O'Leary") 
2018-12-15T09:45:34 kieranjol EVENT = agentName=Kieran O'Leary 
2018-12-15T09:45:34 kieranjol EVENT = eventType=file movement, eventOutcomeDetailNote=/home/kieranjol/tests/output/87e25ab6-b666-4e2e-a993-60442d4c5556_source_mediainfo.xml has been moved into /home/kieranjol/tests/output/oe12345/87e25ab6-b666-4e2e-a993-60442d4c5556/metadata/supplemental agentName=copyit.py 
2018-12-15T09:45:34 kieranjol EVENT = Manifest consolidation - Checksums from /home/kieranjol/tests/output/oe12345/87e25ab6-b666-4e2e-a993-60442d4c5556/metadata/supplemental/87e25ab6-b666-4e2e-a993-60442d4c5556_source_mediainfo.xml_manifest.md5 merged into /home/kieranjol/tests/output/oe12345/87e25ab6-b666-4e2e-a993-60442d4c5556_manifest.md5 
2018-12-15T09:45:34 kieranjol EVENT = Manifest movement - Manifest from /home/kieranjol/tests/output/oe12345/87e25ab6-b666-4e2e-a993-60442d4c5556/metadata/supplemental/87e25ab6-b666-4e2e-a993-60442d4c5556_source_mediainfo.xml_manifest.md5 to /home/kieranjol/tests/output/oe12345/87e25ab6-b666-4e2e-a993-60442d4c5556/logs 
2018-12-15T09:45:34 kieranjol EVENT = eventType=file movement, eventOutcomeDetailNote=/home/kieranjol/tests/output/87e25ab6-b666-4e2e-a993-60442d4c5556_source_mediatrace.xml has been moved into /home/kieranjol/tests/output/oe12345/87e25ab6-b666-4e2e-a993-60442d4c5556/metadata/supplemental agentName=copyit.py 
2018-12-15T09:45:34 kieranjol EVENT = Manifest consolidation - Checksums from /home/kieranjol/tests/output/oe12345/87e25ab6-b666-4e2e-a993-60442d4c5556/metadata/supplemental/87e25ab6-b666-4e2e-a993-60442d4c5556_source_mediatrace.xml_manifest.md5 merged into /home/kieranjol/tests/output/oe12345/87e25ab6-b666-4e2e-a993-60442d4c5556_manifest.md5 
2018-12-15T09:45:34 kieranjol EVENT = Manifest movement - Manifest from /home/kieranjol/tests/output/oe12345/87e25ab6-b666-4e2e-a993-60442d4c5556/metadata/supplemental/87e25ab6-b666-4e2e-a993-60442d4c5556_source_mediatrace.xml_manifest.md5 to /home/kieranjol/tests/output/oe12345/87e25ab6-b666-4e2e-a993-60442d4c5556/logs 
2018-12-15T09:45:34 kieranjol EVENT = eventType=file movement, eventOutcomeDetailNote=/home/kieranjol/tests/output/87e25ab6-b666-4e2e-a993-60442d4c5556_dfxml.xml has been moved into /home/kieranjol/tests/output/oe12345/87e25ab6-b666-4e2e-a993-60442d4c5556/metadata/supplemental agentName=copyit.py 
2018-12-15T09:45:34 kieranjol EVENT = Manifest consolidation - Checksums from /home/kieranjol/tests/output/oe12345/87e25ab6-b666-4e2e-a993-60442d4c5556/metadata/supplemental/87e25ab6-b666-4e2e-a993-60442d4c5556_dfxml.xml_manifest.md5 merged into /home/kieranjol/tests/output/oe12345/87e25ab6-b666-4e2e-a993-60442d4c5556_manifest.md5 
2018-12-15T09:45:34 kieranjol EVENT = Manifest movement - Manifest from /home/kieranjol/tests/output/oe12345/87e25ab6-b666-4e2e-a993-60442d4c5556/metadata/supplemental/87e25ab6-b666-4e2e-a993-60442d4c5556_dfxml.xml_manifest.md5 to /home/kieranjol/tests/output/oe12345/87e25ab6-b666-4e2e-a993-60442d4c5556/logs 
2018-12-15T09:45:34 kieranjol EVENT = package_update.py finished 
